$ telnet 192.168.0.58
Trying 192.168.0.58...
Connected to 192.168.0.58.
Escape character is '^]'.


User Access Verification

Password: Kerberos: No default realm defined for Kerberos!

Password: 
Password: 
switch5>enable 
Password: 
switch5#show vlan

VLAN Name                             Status    Ports
---- -------------------------------- --------- -------------------------------
1    default                          active    Fa0/1, Fa0/2, Fa0/3, Fa0/4, Fa0/5, Fa0/6
                                                Fa0/7, Fa0/8
15   groupi5                          active    Fa0/17, Fa0/18, Fa0/19, Fa0/20, Fa0/21
                                                Fa0/22, Fa0/23, Fa0/24
26   groupc5                          active    Fa0/9, Fa0/10, Fa0/11, Fa0/12, Fa0/13
                                                Fa0/14, Fa0/15, Fa0/16
1002 fddi-default                     act/unsup 
1003 token-ring-default               act/unsup 
1004 fddinet-default                  act/unsup 
1005 trnet-default                    act/unsup 

VLAN Type  SAID       MTU   Parent RingNo BridgeNo Stp  BrdgMode Trans1 Trans2
---- ----- ---------- ----- ------ ------ -------- ---- -------- ------ ------
1    enet  100001     1500  -      -      -        -    -        0      0   
15   enet  100015     1500  -      -      -        -    -        0      0   
26   enet  100026     1500  -      -      -        -    -        0      0   
1002 fddi  101002     1500  -      -      -        -    -        0      0   
1003 tr    101003     1500  -      -      -        -    -        0      0   
1004 fdnet 101004     1500  -      -      -        ieee -        0      0   
1005 trnet 101005     1500  -      -      -        ibm  -        0      0   

Primary Secondary Type              Ports
------- --------- ----------------- ------------------------------------------